# JRE version: Java(TM) SE Runtime Environment (8.0_191-b12) (build 1.8.0_191-b12)
# Java VM: Java HotSpot(TM) 64-Bit Server VM (25.191-b12 mixed mode windows-amd64 compressed oops)
Heap:
 PSYoungGen      total 206848K, used 73248K [0x000000076b580000, 0x000000077b100000, 0x00000007c0000000)
  eden space 188928K, 32% used [0x000000076b580000,0x000000076f1e7160,0x0000000776e00000)
  from space 17920K, 63% used [0x0000000776e00000,0x0000000777921188,0x0000000777f80000)
  to   space 17920K, 0% used [0x0000000779f80000,0x0000000779f80000,0x000000077b100000)
 ParOldGen       total 111104K, used 11357K [0x00000006c2000000, 0x00000006c8c80000, 0x000000076b580000)
  object space 111104K, 10% used [0x00000006c2000000,0x00000006c2b17718,0x00000006c8c80000)
 Metaspace       used 26364K, capacity 26772K, committed 26880K, reserved 1073152K
  class space    used 3199K, capacity 3328K, committed 3328K, reserved 1048576K
GC Heap History (10 events):
Event: 10.259 GC heap before
{Heap before GC invocations=8 (full 1):
 PSYoungGen      total 141824K, used 132448K [0x000000076b580000, 0x0000000776f80000, 0x00000007c0000000)
  eden space 128512K, 100% used [0x000000076b580000,0x0000000773300000,0x0000000773300000)
  from space 13312K, 29% used [0x0000000774000000,0x00000007743d8010,0x0000000774d00000)
  to   space 13312K, 0% used [0x0000000773300000,0x0000000773300000,0x0000000774000000)
 ParOldGen       total 111104K, used 8853K [0x00000006c2000000, 0x00000006c8c80000, 0x000000076b580000)
  object space 111104K, 7% used [0x00000006c2000000,0x00000006c28a5718,0x00000006c8c80000)
 Metaspace       used 25916K, capacity 26344K, committed 26624K, reserved 1073152K
  class space    used 3193K, capacity 3322K, committed 3328K, reserved 1048576K
Event: 10.268 GC heap after
Heap after GC invocations=8 (full 1):
 PSYoungGen      total 141824K, used 6304K [0x000000076b580000, 0x0000000777200000, 0x00000007c0000000)
  eden space 128512K, 0% used [0x000000076b580000,0x000000076b580000,0x0000000773300000)
  from space 13312K, 47% used [0x0000000773300000,0x0000000773928010,0x0000000774000000)
  to   space 12800K, 0% used [0x0000000776580000,0x0000000776580000,0x0000000777200000)
 ParOldGen       total 111104K, used 8861K [0x00000006c2000000, 0x00000006c8c80000, 0x000000076b580000)
  object space 111104K, 7% used [0x00000006c2000000,0x00000006c28a7718,0x00000006c8c80000)
 Metaspace       used 25916K, capacity 26344K, committed 26624K, reserved 1073152K
  class space    used 3193K, capacity 3322K, committed 3328K, reserved 1048576K
}
Event: 11.963 GC heap before
{Heap before GC invocations=9 (full 1):
 PSYoungGen      total 141824K, used 134816K [0x000000076b580000, 0x0000000777200000, 0x00000007c0000000)
  eden space 128512K, 100% used [0x000000076b580000,0x0000000773300000,0x0000000773300000)
  from space 13312K, 47% used [0x0000000773300000,0x0000000773928010,0x0000000774000000)
  to   space 12800K, 0% used [0x0000000776580000,0x0000000776580000,0x0000000777200000)
 ParOldGen       total 111104K, used 8861K [0x00000006c2000000, 0x00000006c8c80000, 0x000000076b580000)
  object space 111104K, 7% used [0x00000006c2000000,0x00000006c28a7718,0x00000006c8c80000)
 Metaspace       used 26001K, capacity 26408K, committed 26624K, reserved 1073152K
  class space    used 3194K, capacity 3322K, committed 3328K, reserved 1048576K
Event: 11.973 GC heap after
Heap after GC invocations=9 (full 1):
 PSYoungGen      total 175104K, used 9681K [0x000000076b580000, 0x0000000777000000, 0x00000007c0000000)
  eden space 164352K, 0% used [0x000000076b580000,0x000000076b580000,0x0000000775600000)
  from space 10752K, 90% used [0x0000000776580000,0x0000000776ef46e0,0x0000000777000000)
  to   space 13312K, 0% used [0x0000000775600000,0x0000000775600000,0x0000000776300000)
 ParOldGen       total 111104K, used 8869K [0x00000006c2000000, 0x00000006c8c80000, 0x000000076b580000)
  object space 111104K, 7% used [0x00000006c2000000,0x00000006c28a9718,0x00000006c8c80000)
 Metaspace       used 26001K, capacity 26408K, committed 26624K, reserved 1073152K
  class space    used 3194K, capacity 3322K, committed 3328K, reserved 1048576K
}
Event: 14.259 GC heap before
{Heap before GC invocations=10 (full 1):
 PSYoungGen      total 175104K, used 174033K [0x000000076b580000, 0x0000000777000000, 0x00000007c0000000)
  eden space 164352K, 100% used [0x000000076b580000,0x0000000775600000,0x0000000775600000)
  from space 10752K, 90% used [0x0000000776580000,0x0000000776ef46e0,0x0000000777000000)
  to   space 13312K, 0% used [0x0000000775600000,0x0000000775600000,0x0000000776300000)
 ParOldGen       total 111104K, used 8869K [0x00000006c2000000, 0x00000006c8c80000, 0x000000076b580000)
  object space 111104K, 7% used [0x00000006c2000000,0x00000006c28a9718,0x00000006c8c80000)
 Metaspace       used 26081K, capacity 26472K, committed 26624K, reserved 1073152K
  class space    used 3194K, capacity 3322K, committed 3328K, reserved 1048576K
Event: 14.278 GC heap after
Heap after GC invocations=10 (full 1):
 PSYoungGen      total 177664K, used 13297K [0x000000076b580000, 0x0000000778e80000, 0x00000007c0000000)
  eden space 164352K, 0% used [0x000000076b580000,0x000000076b580000,0x0000000775600000)
  from space 13312K, 99% used [0x0000000775600000,0x00000007762fc700,0x0000000776300000)
  to   space 15360K, 0% used [0x0000000777f80000,0x0000000777f80000,0x0000000778e80000)
 ParOldGen       total 111104K, used 9573K [0x00000006c2000000, 0x00000006c8c80000, 0x000000076b580000)
  object space 111104K, 8% used [0x00000006c2000000,0x00000006c2959718,0x00000006c8c80000)
 Metaspace       used 26081K, capacity 26472K, committed 26624K, reserved 1073152K
  class space    used 3194K, capacity 3322K, committed 3328K, reserved 1048576K
}
Event: 15.941 GC heap before
{Heap before GC invocations=11 (full 1):
 PSYoungGen      total 177664K, used 177649K [0x000000076b580000, 0x0000000778e80000, 0x00000007c0000000)
  eden space 164352K, 100% used [0x000000076b580000,0x0000000775600000,0x0000000775600000)
  from space 13312K, 99% used [0x0000000775600000,0x00000007762fc700,0x0000000776300000)
  to   space 15360K, 0% used [0x0000000777f80000,0x0000000777f80000,0x0000000778e80000)
 ParOldGen       total 111104K, used 9573K [0x00000006c2000000, 0x00000006c8c80000, 0x000000076b580000)
  object space 111104K, 8% used [0x00000006c2000000,0x00000006c2959718,0x00000006c8c80000)
 Metaspace       used 26122K, capacity 26536K, committed 26624K, reserved 1073152K
  class space    used 3194K, capacity 3322K, committed 3328K, reserved 1048576K
Event: 15.971 GC heap after
Heap after GC invocations=11 (full 1):
 PSYoungGen      total 204288K, used 15340K [0x000000076b580000, 0x0000000779780000, 0x00000007c0000000)
  eden space 188928K, 0% used [0x000000076b580000,0x000000076b580000,0x0000000776e00000)
  from space 15360K, 99% used [0x0000000777f80000,0x0000000778e7b240,0x0000000778e80000)
  to   space 17920K, 0% used [0x0000000776e00000,0x0000000776e00000,0x0000000777f80000)
 ParOldGen       total 111104K, used 11357K [0x00000006c2000000, 0x00000006c8c80000, 0x000000076b580000)
  object space 111104K, 10% used [0x00000006c2000000,0x00000006c2b17718,0x00000006c8c80000)
 Metaspace       used 26122K, capacity 26536K, committed 26624K, reserved 1073152K
  class space    used 3194K, capacity 3322K, committed 3328K, reserved 1048576K
}
Event: 19.252 GC heap before
{Heap before GC invocations=12 (full 1):
 PSYoungGen      total 204288K, used 204268K [0x000000076b580000, 0x0000000779780000, 0x00000007c0000000)
  eden space 188928K, 100% used [0x000000076b580000,0x0000000776e00000,0x0000000776e00000)
  from space 15360K, 99% used [0x0000000777f80000,0x0000000778e7b240,0x0000000778e80000)
  to   space 17920K, 0% used [0x0000000776e00000,0x0000000776e00000,0x0000000777f80000)
 ParOldGen       total 111104K, used 11357K [0x00000006c2000000, 0x00000006c8c80000, 0x000000076b580000)
  object space 111104K, 10% used [0x00000006c2000000,0x00000006c2b17718,0x00000006c8c80000)
 Metaspace       used 26316K, capacity 26766K, committed 26880K, reserved 1073152K
  class space    used 3198K, capacity 3327K, committed 3328K, reserved 1048576K
Event: 19.271 GC heap after
Heap after GC invocations=12 (full 1):
 PSYoungGen      total 206848K, used 11396K [0x000000076b580000, 0x000000077b100000, 0x00000007c0000000)
  eden space 188928K, 0% used [0x000000076b580000,0x000000076b580000,0x0000000776e00000)
  from space 17920K, 63% used [0x0000000776e00000,0x0000000777921188,0x0000000777f80000)
  to   space 17920K, 0% used [0x0000000779f80000,0x0000000779f80000,0x000000077b100000)
 ParOldGen       total 111104K, used 11357K [0x00000006c2000000, 0x00000006c8c80000, 0x000000076b580000)
  object space 111104K, 10% used [0x00000006c2000000,0x00000006c2b17718,0x00000006c8c80000)
 Metaspace       used 26316K, capacity 26766K, committed 26880K, reserved 1073152K
  class space    used 3198K, capacity 3327K, committed 3328K, reserved 1048576K
}

